0 info it worked if it ends with ok
1 verbose cli [ '/home/akira/.nvm/versions/node/v0.12.5/bin/node',
1 verbose cli   '/home/akira/.nvm/versions/node/v0.12.5/bin/npm',
1 verbose cli   'install',
1 verbose cli   '-g',
1 verbose cli   'child_process' ]
2 info using npm@2.11.2
3 info using node@v0.12.5
4 verbose install initial load of /home/akira/.nvm/versions/node/v0.12.5/lib/package.json
5 verbose readDependencies loading dependencies from /home/akira/.nvm/versions/node/v0.12.5/lib/package.json
6 silly cache add args [ 'child_process', null ]
7 verbose cache add spec child_process
8 silly cache add parsed spec { raw: 'child_process',
8 silly cache add   scope: null,
8 silly cache add   name: 'child_process',
8 silly cache add   rawSpec: '',
8 silly cache add   spec: '*',
8 silly cache add   type: 'range' }
9 silly addNamed child_process@*
10 verbose addNamed "*" is a valid semver range for child_process
11 silly addNameRange { name: 'child_process', range: '*', hasData: false }
12 silly mapToRegistry name child_process
13 silly mapToRegistry using default registry
14 silly mapToRegistry registry https://registry.npmjs.org/
15 silly mapToRegistry uri https://registry.npmjs.org/child_process
16 verbose addNameRange registry:https://registry.npmjs.org/child_process not in flight; fetching
17 verbose request uri https://registry.npmjs.org/child_process
18 verbose request no auth needed
19 info attempt registry request try #1 at 06:47:58
20 verbose request id 82260ff44ed885fc
21 http request GET https://registry.npmjs.org/child_process
22 http 404 https://registry.npmjs.org/child_process
23 verbose headers { server: 'CouchDB/1.5.0 (Erlang OTP/R16B03)',
23 verbose headers   'content-type': 'application/json',
23 verbose headers   'cache-control': 'max-age=0',
23 verbose headers   'content-length': '51',
23 verbose headers   'accept-ranges': 'bytes',
23 verbose headers   date: 'Sun, 28 Jun 2015 21:47:58 GMT',
23 verbose headers   via: '1.1 varnish',
23 verbose headers   age: '0',
23 verbose headers   connection: 'keep-alive',
23 verbose headers   'x-served-by': 'cache-nrt6126-NRT',
23 verbose headers   'x-cache': 'MISS',
23 verbose headers   'x-cache-hits': '0',
23 verbose headers   'x-timer': 'S1435528078.151758,VS0,VE413' }
24 silly get cb [ 404,
24 silly get   { server: 'CouchDB/1.5.0 (Erlang OTP/R16B03)',
24 silly get     'content-type': 'application/json',
24 silly get     'cache-control': 'max-age=0',
24 silly get     'content-length': '51',
24 silly get     'accept-ranges': 'bytes',
24 silly get     date: 'Sun, 28 Jun 2015 21:47:58 GMT',
24 silly get     via: '1.1 varnish',
24 silly get     age: '0',
24 silly get     connection: 'keep-alive',
24 silly get     'x-served-by': 'cache-nrt6126-NRT',
24 silly get     'x-cache': 'MISS',
24 silly get     'x-cache-hits': '0',
24 silly get     'x-timer': 'S1435528078.151758,VS0,VE413' } ]
25 verbose stack Error: 404 Not Found: child_process
25 verbose stack     at CachingRegistryClient.<anonymous> (/home/akira/.nvm/versions/node/v0.12.5/lib/node_modules/npm/node_modules/npm-registry-client/lib/request.js:245:14)
25 verbose stack     at Request._callback (/home/akira/.nvm/versions/node/v0.12.5/lib/node_modules/npm/node_modules/npm-registry-client/lib/request.js:170:14)
25 verbose stack     at Request.self.callback (/home/akira/.nvm/versions/node/v0.12.5/lib/node_modules/npm/node_modules/request/request.js:354:22)
25 verbose stack     at Request.emit (events.js:110:17)
25 verbose stack     at Request.<anonymous> (/home/akira/.nvm/versions/node/v0.12.5/lib/node_modules/npm/node_modules/request/request.js:1207:14)
25 verbose stack     at Request.emit (events.js:129:20)
25 verbose stack     at IncomingMessage.<anonymous> (/home/akira/.nvm/versions/node/v0.12.5/lib/node_modules/npm/node_modules/request/request.js:1153:12)
25 verbose stack     at IncomingMessage.emit (events.js:129:20)
25 verbose stack     at _stream_readable.js:908:16
25 verbose stack     at process._tickCallback (node.js:355:11)
26 verbose statusCode 404
27 verbose pkgid child_process
28 verbose cwd /home/akira/git-repos/sandbox/nodejs
29 error Linux 3.13.0-49-generic
30 error argv "/home/akira/.nvm/versions/node/v0.12.5/bin/node" "/home/akira/.nvm/versions/node/v0.12.5/bin/npm" "install" "-g" "child_process"
31 error node v0.12.5
32 error npm  v2.11.2
33 error code E404
34 error 404 Not Found: child_process
34 error 404
34 error 404 'child_process' is not in the npm registry.
34 error 404 Your package name is not valid, because
34 error 404
34 error 404  1. child_process is a core module name
34 error 404
34 error 404 Note that you can also install from a
34 error 404 tarball, folder, http url, or git url.
35 verbose exit [ 1, true ]
